<?xml version="1.0" encoding="UTF-8"?>
<!-- Generated by org.testng.reporters.JUnitReportReporter -->
<testsuite hostname="Amulya" failures="0" tests="2" name="wRepeat.wFramework.ErrorValidationTest" time="26.148" errors="0" timestamp="2023-01-11T13:32:04 IST" skipped="0">
  <testcase classname="wRepeat.wFramework.ErrorValidationTest" name="init" time="8.992"/>
  <system-out/>
  <testcase classname="wRepeat.wFramework.ErrorValidationTest" name="orderHistory" time="17.156"/>
  <system-out/>
</testsuite> <!-- wRepeat.wFramework.ErrorValidationTest -->
