<?xml version="1.0" encoding="UTF-8"?>
<!-- Generated by org.testng.reporters.JUnitReportReporter -->
<testsuite hostname="Amulya" failures="0" tests="2" name="wRepeat.wFramework.SubmitOrder" time="13.203" errors="0" timestamp="2023-01-10T14:23:34 IST" skipped="0">
  <testcase classname="wRepeat.wFramework.SubmitOrder" name="orderHistory" time="3.213"/>
  <system-out/>
  <testcase classname="wRepeat.wFramework.SubmitOrder" name="init" time="9.990"/>
  <system-out/>
</testsuite> <!-- wRepeat.wFramework.SubmitOrder -->
