<?xml version="1.0" encoding="UTF-8"?>
<!-- Generated by org.testng.reporters.JUnitReportReporter -->
<testsuite hostname="Amulya" failures="0" tests="3" name="wRepeat.wFramework.SubmitOrderTest" time="21.386" errors="0" timestamp="2023-01-11T11:26:11 IST" skipped="0">
  <testcase classname="wRepeat.wFramework.SubmitOrderTest" name="submitOrder" time="7.332"/>
  <system-out/>
  <testcase classname="wRepeat.wFramework.SubmitOrderTest" name="submitOrder" time="9.388"/>
  <system-out/>
  <testcase classname="wRepeat.wFramework.SubmitOrderTest" name="orderHistory" time="4.666"/>
  <system-out/>
</testsuite> <!-- wRepeat.wFramework.SubmitOrderTest -->
