<?xml version="1.0" encoding="UTF-8"?>
<!-- Generated by org.testng.reporters.JUnitReportReporter -->
<testsuite hostname="Amulya" failures="0" tests="3" name="wRepeat.wFramework.SubmitOrderTest" time="39.635" errors="0" timestamp="2023-01-11T12:35:49 IST" skipped="0">
  <testcase classname="wRepeat.wFramework.SubmitOrderTest" name="submitOrder" time="16.256"/>
  <system-out/>
  <testcase classname="wRepeat.wFramework.SubmitOrderTest" name="submitOrder" time="16.427"/>
  <system-out/>
  <testcase classname="wRepeat.wFramework.SubmitOrderTest" name="orderHistory" time="6.952"/>
  <system-out/>
</testsuite> <!-- wRepeat.wFramework.SubmitOrderTest -->
