<?xml version="1.0" encoding="UTF-8"?>
<!-- Generated by org.testng.reporters.JUnitReportReporter -->
<testsuite hostname="Amulya" failures="0" tests="2" name="wRepeat.wFramework.ErrorValidationTest" time="27.888" errors="0" timestamp="2023-01-11T12:35:49 IST" skipped="0">
  <testcase classname="wRepeat.wFramework.ErrorValidationTest" name="init" time="8.904"/>
  <system-out/>
  <testcase classname="wRepeat.wFramework.ErrorValidationTest" name="orderHistory" time="18.984"/>
  <system-out/>
</testsuite> <!-- wRepeat.wFramework.ErrorValidationTest -->
