<?xml version="1.0" encoding="UTF-8"?>
<!-- Generated by org.testng.reporters.JUnitReportReporter -->
<testsuite hostname="Amulya" failures="0" tests="3" name="wRepeat.wFramework.SubmitOrderTest" time="24.765" errors="0" timestamp="2023-01-10T20:09:38 IST" skipped="0">
  <testcase classname="wRepeat.wFramework.SubmitOrderTest" name="submitOrder" time="10.025"/>
  <system-out/>
  <testcase classname="wRepeat.wFramework.SubmitOrderTest" name="orderHistory" time="7.002"/>
  <system-out/>
  <testcase classname="wRepeat.wFramework.SubmitOrderTest" name="submitOrder" time="7.738"/>
  <system-out/>
</testsuite> <!-- wRepeat.wFramework.SubmitOrderTest -->
