<?xml version="1.0" encoding="UTF-8"?>
<!-- Generated by org.testng.reporters.JUnitReportReporter -->
<testsuite hostname="Amulya" failures="0" tests="3" name="wRepeat.wFramework.SubmitOrderTest" time="44.071" errors="0" timestamp="2023-01-11T13:32:04 IST" skipped="0">
  <testcase classname="wRepeat.wFramework.SubmitOrderTest" name="submitOrder" time="19.586"/>
  <system-out/>
  <testcase classname="wRepeat.wFramework.SubmitOrderTest" name="orderHistory" time="6.801"/>
  <system-out/>
  <testcase classname="wRepeat.wFramework.SubmitOrderTest" name="submitOrder" time="17.684"/>
  <system-out/>
</testsuite> <!-- wRepeat.wFramework.SubmitOrderTest -->
