<?xml version="1.0" encoding="UTF-8"?>
<!-- Generated by org.testng.reporters.JUnitReportReporter -->
<testsuite hostname="Amulya" failures="0" tests="3" name="wRepeat.wFramework.SubmitOrderTest" time="54.091" errors="0" timestamp="2023-01-11T11:36:22 IST" skipped="0">
  <testcase classname="wRepeat.wFramework.SubmitOrderTest" name="submitOrder" time="23.325"/>
  <system-out/>
  <testcase classname="wRepeat.wFramework.SubmitOrderTest" name="submitOrder" time="8.215"/>
  <system-out/>
  <testcase classname="wRepeat.wFramework.SubmitOrderTest" name="orderHistory" time="22.551"/>
  <system-out/>
</testsuite> <!-- wRepeat.wFramework.SubmitOrderTest -->
